{"/home/anthonin/Bureau/qcmreactjs/src/components/ButtonClick.tsx": {"path":"/home/anthonin/Bureau/qcmreactjs/src/components/ButtonClick.tsx","statementMap":{"0":{"start":{"line":10,"column":42},"end":{"line":17,"column":1}},"1":{"start":{"line":10,"column":45},"end":{"line":10,"column":53}},"2":{"start":{"line":10,"column":53},"end":{"line":10,"column":62}},"3":{"start":{"line":10,"column":70},"end":{"line":10,"column":76}},"4":{"start":{"line":10,"column":81},"end":{"line":10,"column":null}},"5":{"start":{"line":12,"column":4},"end":{"line":16,"column":null}},"6":{"start":{"line":19,"column":0},"end":{"line":19,"column":null}}},"fnMap":{"0":{"name":"(anonymous_3)","decl":{"start":{"line":10,"column":42},"end":{"line":10,"column":44}},"loc":{"start":{"line":10,"column":82},"end":{"line":17,"column":1}}}},"branchMap":{"0":{"loc":{"start":{"line":10,"column":53},"end":{"line":10,"column":62}},"type":"cond-expr","locations":[{"start":{"line":10,"column":56},"end":{"line":10,"column":61}},{"start":{"line":10,"column":61},"end":{"line":10,"column":62}}]}},"s":{"0":3,"1":5,"2":5,"3":5,"4":5,"5":5,"6":3},"f":{"0":5},"b":{"0":[0,5]}}
,"/home/anthonin/Bureau/qcmreactjs/src/components/InputClick.tsx": {"path":"/home/anthonin/Bureau/qcmreactjs/src/components/InputClick.tsx","statementMap":{"0":{"start":{"line":11,"column":40},"end":{"line":20,"column":1}},"1":{"start":{"line":11,"column":48},"end":{"line":11,"column":50}},"2":{"start":{"line":11,"column":58},"end":{"line":11,"column":60}},"3":{"start":{"line":11,"column":71},"end":{"line":11,"column":76}},"4":{"start":{"line":11,"column":81},"end":{"line":11,"column":null}},"5":{"start":{"line":12,"column":2},"end":{"line":19,"column":null}},"6":{"start":{"line":22,"column":0},"end":{"line":22,"column":26}}},"fnMap":{"0":{"name":"(anonymous_3)","decl":{"start":{"line":11,"column":40},"end":{"line":11,"column":41}},"loc":{"start":{"line":11,"column":83},"end":{"line":20,"column":1}}}},"branchMap":{},"s":{"0":1,"1":2,"2":2,"3":2,"4":2,"5":2,"6":1},"f":{"0":2},"b":{}}
,"/home/anthonin/Bureau/qcmreactjs/src/components/TimerComponent.tsx": {"path":"/home/anthonin/Bureau/qcmreactjs/src/components/TimerComponent.tsx","statementMap":{"0":{"start":{"line":3,"column":0},"end":{"line":3,"column":51}},"1":{"start":{"line":4,"column":0},"end":{"line":4,"column":28}},"2":{"start":{"line":10,"column":13},"end":{"line":10,"column":18}},"3":{"start":{"line":47,"column":26},"end":{"line":47,"column":32}},"4":{"start":{"line":11,"column":36},"end":{"line":45,"column":1}},"5":{"start":{"line":11,"column":50},"end":{"line":11,"column":52}},"6":{"start":{"line":12,"column":25},"end":{"line":12,"column":46}},"7":{"start":{"line":12,"column":12},"end":{"line":12,"column":14}},"8":{"start":{"line":12,"column":21},"end":{"line":12,"column":25}},"9":{"start":{"line":14,"column":1},"end":{"line":27,"column":8}},"10":{"start":{"line":15,"column":21},"end":{"line":24,"column":10}},"11":{"start":{"line":16,"column":3},"end":{"line":23,"column":6}},"12":{"start":{"line":17,"column":20},"end":{"line":17,"column":32}},"13":{"start":{"line":18,"column":4},"end":{"line":21,"column":5}},"14":{"start":{"line":19,"column":5},"end":{"line":19,"column":31}},"15":{"start":{"line":20,"column":5},"end":{"line":20,"column":14}},"16":{"start":{"line":22,"column":4},"end":{"line":22,"column":19}},"17":{"start":{"line":26,"column":2},"end":{"line":26,"column":41}},"18":{"start":{"line":26,"column":15},"end":{"line":26,"column":41}},"19":{"start":{"line":29,"column":18},"end":{"line":29,"column":58}},"20":{"start":{"line":31,"column":1},"end":{"line":44,"column":2}},"21":{"start":{"line":32,"column":2},"end":{"line":37,"column":4}},"22":{"start":{"line":38,"column":8},"end":{"line":43,"column":10}},"23":{"start":{"line":47,"column":17},"end":{"line":47,"column":24}}},"fnMap":{"0":{"name":"(anonymous_0)","decl":{"start":{"line":11,"column":36},"end":{"line":11,"column":37}},"loc":{"start":{"line":11,"column":52},"end":{"line":45,"column":1}}},"1":{"name":"(anonymous_1)","decl":{"start":{"line":14,"column":11},"end":{"line":14,"column":null}},"loc":{"start":{"line":14,"column":11},"end":{"line":27,"column":2}}},"2":{"name":"(anonymous_2)","decl":{"start":{"line":15,"column":33},"end":{"line":15,"column":null}},"loc":{"start":{"line":15,"column":33},"end":{"line":24,"column":3}}},"3":{"name":"(anonymous_3)","decl":{"start":{"line":16,"column":11},"end":{"line":16,"column":12}},"loc":{"start":{"line":16,"column":20},"end":{"line":23,"column":4}}},"4":{"name":"(anonymous_4)","decl":{"start":{"line":26,"column":9},"end":{"line":26,"column":15}},"loc":{"start":{"line":26,"column":9},"end":{"line":26,"column":28}}}},"branchMap":{"0":{"loc":{"start":{"line":18,"column":4},"end":{"line":21,"column":5}},"type":"if","locations":[{"start":{"line":18,"column":4},"end":{"line":21,"column":5}}]},"1":{"loc":{"start":{"line":31,"column":1},"end":{"line":44,"column":2}},"type":"if","locations":[{"start":{"line":31,"column":1},"end":{"line":44,"column":2}},{"start":{"line":38,"column":7},"end":{"line":44,"column":2}}]}},"s":{"0":1,"1":1,"2":1,"3":1,"4":1,"5":1,"6":1,"7":1,"8":1,"9":1,"10":1,"11":0,"12":0,"13":0,"14":0,"15":0,"16":0,"17":1,"18":1,"19":1,"20":1,"21":1,"22":0,"23":1},"f":{"0":1,"1":1,"2":0,"3":0,"4":1},"b":{"0":[0],"1":[1,0]}}
,"/home/anthonin/Bureau/qcmreactjs/src/data/questionsRéponses.tsx": {"path":"/home/anthonin/Bureau/qcmreactjs/src/data/questionsRéponses.tsx","statementMap":{"0":{"start":{"line":13,"column":13},"end":{"line":96,"column":null}}},"fnMap":{},"branchMap":{},"s":{"0":1},"f":{},"b":{}}
,"/home/anthonin/Bureau/qcmreactjs/src/hooks/useApi.ts": {"path":"/home/anthonin/Bureau/qcmreactjs/src/hooks/useApi.ts","statementMap":{"0":{"start":{"line":1,"column":0},"end":{"line":1,"column":31}},"1":{"start":{"line":2,"column":0},"end":{"line":2,"column":45}},"2":{"start":{"line":3,"column":0},"end":{"line":3,"column":26}},"3":{"start":{"line":4,"column":0},"end":{"line":4,"column":16}},"4":{"start":{"line":6,"column":26},"end":{"line":6,"column":43}},"5":{"start":{"line":6,"column":12},"end":{"line":6,"column":14}},"6":{"start":{"line":6,"column":22},"end":{"line":6,"column":26}},"7":{"start":{"line":7,"column":56},"end":{"line":7,"column":73}},"8":{"start":{"line":7,"column":27},"end":{"line":7,"column":29}},"9":{"start":{"line":7,"column":52},"end":{"line":7,"column":56}},"10":{"start":{"line":8,"column":34},"end":{"line":8,"column":62}},"11":{"start":{"line":8,"column":16},"end":{"line":8,"column":18}},"12":{"start":{"line":8,"column":30},"end":{"line":8,"column":34}},"13":{"start":{"line":9,"column":42},"end":{"line":9,"column":98}},"14":{"start":{"line":9,"column":20},"end":{"line":9,"column":22}},"15":{"start":{"line":9,"column":38},"end":{"line":9,"column":42}},"16":{"start":{"line":10,"column":44},"end":{"line":10,"column":79}},"17":{"start":{"line":10,"column":21},"end":{"line":10,"column":23}},"18":{"start":{"line":10,"column":40},"end":{"line":10,"column":44}},"19":{"start":{"line":11,"column":17},"end":{"line":11,"column":30}},"20":{"start":{"line":13,"column":26},"end":{"line":25,"column":2}},"21":{"start":{"line":15,"column":25},"end":{"line":15,"column":null}},"22":{"start":{"line":15,"column":14},"end":{"line":15,"column":null}},"23":{"start":{"line":16,"column":14},"end":{"line":19,"column":12}},"24":{"start":{"line":16,"column":99},"end":{"line":19,"column":11}},"25":{"start":{"line":20,"column":14},"end":{"line":20,"column":109}},"26":{"start":{"line":20,"column":96},"end":{"line":20,"column":108}},"27":{"start":{"line":21,"column":8},"end":{"line":21,"column":109}},"28":{"start":{"line":21,"column":89},"end":{"line":21,"column":107}},"29":{"start":{"line":23,"column":8},"end":{"line":23,"column":58}},"30":{"start":{"line":27,"column":0},"end":{"line":29,"column":7}},"31":{"start":{"line":28,"column":4},"end":{"line":28,"column":24}},"32":{"start":{"line":31,"column":26},"end":{"line":41,"column":1}},"33":{"start":{"line":32,"column":30},"end":{"line":32,"column":54}},"34":{"start":{"line":33,"column":4},"end":{"line":33,"column":28}},"35":{"start":{"line":34,"column":4},"end":{"line":40,"column":5}},"36":{"start":{"line":35,"column":8},"end":{"line":35,"column":51}},"37":{"start":{"line":36,"column":8},"end":{"line":36,"column":32}},"38":{"start":{"line":38,"column":8},"end":{"line":38,"column":27}},"39":{"start":{"line":39,"column":8},"end":{"line":39,"column":75}},"40":{"start":{"line":43,"column":24},"end":{"line":54,"column":2}},"41":{"start":{"line":45,"column":25},"end":{"line":45,"column":null}},"42":{"start":{"line":45,"column":14},"end":{"line":45,"column":null}},"43":{"start":{"line":46,"column":14},"end":{"line":49,"column":12}},"44":{"start":{"line":46,"column":99},"end":{"line":49,"column":11}},"45":{"start":{"line":50,"column":8},"end":{"line":50,"column":40}},"46":{"start":{"line":52,"column":8},"end":{"line":52,"column":55}},"47":{"start":{"line":56,"column":0},"end":{"line":58,"column":27}},"48":{"start":{"line":57,"column":4},"end":{"line":57,"column":22}},"49":{"start":{"line":60,"column":27},"end":{"line":62,"column":1}},"50":{"start":{"line":61,"column":4},"end":{"line":61,"column":42}},"51":{"start":{"line":64,"column":25},"end":{"line":80,"column":1}},"52":{"start":{"line":65,"column":4},"end":{"line":78,"column":5}},"53":{"start":{"line":66,"column":26},"end":{"line":66,"column":95}},"54":{"start":{"line":66,"column":55},"end":{"line":66,"column":86}},"55":{"start":{"line":67,"column":8},"end":{"line":77,"column":9}},"56":{"start":{"line":68,"column":12},"end":{"line":72,"column":15}},"57":{"start":{"line":69,"column":33},"end":{"line":69,"column":46}},"58":{"start":{"line":70,"column":16},"end":{"line":70,"column":44}},"59":{"start":{"line":71,"column":16},"end":{"line":71,"column":null}},"60":{"start":{"line":73,"column":12},"end":{"line":73,"column":37}},"61":{"start":{"line":76,"column":12},"end":{"line":76,"column":37}},"62":{"start":{"line":82,"column":24},"end":{"line":82,"column":55}},"63":{"start":{"line":85,"column":0},"end":{"line":85,"column":103}}},"fnMap":{"0":{"name":"useApi","decl":{"start":{"line":4,"column":16},"end":{"line":4,"column":22}},"loc":{"start":{"line":4,"column":45},"end":{"line":88,"column":1}}},"1":{"name":"(anonymous_21)","decl":{"start":{"line":13,"column":26},"end":{"line":13,"column":null}},"loc":{"start":{"line":13,"column":26},"end":{"line":25,"column":2}}},"2":{"name":"(anonymous_24)","decl":{"start":{"line":16,"column":56},"end":{"line":16,"column":57}},"loc":{"start":{"line":16,"column":94},"end":{"line":16,"column":100}}},"3":{"name":"(anonymous_25)","decl":{"start":{"line":20,"column":54},"end":{"line":20,"column":55}},"loc":{"start":{"line":20,"column":91},"end":{"line":20,"column":97}}},"4":{"name":"(anonymous_26)","decl":{"start":{"line":21,"column":41},"end":{"line":21,"column":42}},"loc":{"start":{"line":21,"column":84},"end":{"line":21,"column":97}}},"5":{"name":"(anonymous_27)","decl":{"start":{"line":27,"column":16},"end":{"line":27,"column":null}},"loc":{"start":{"line":27,"column":16},"end":{"line":29,"column":1}}},"6":{"name":"(anonymous_28)","decl":{"start":{"line":31,"column":26},"end":{"line":31,"column":27}},"loc":{"start":{"line":31,"column":40},"end":{"line":41,"column":1}}},"7":{"name":"(anonymous_29)","decl":{"start":{"line":43,"column":24},"end":{"line":43,"column":null}},"loc":{"start":{"line":43,"column":24},"end":{"line":54,"column":2}}},"8":{"name":"(anonymous_32)","decl":{"start":{"line":46,"column":53},"end":{"line":46,"column":54}},"loc":{"start":{"line":46,"column":94},"end":{"line":46,"column":100}}},"9":{"name":"(anonymous_33)","decl":{"start":{"line":56,"column":16},"end":{"line":56,"column":null}},"loc":{"start":{"line":56,"column":16},"end":{"line":58,"column":1}}},"10":{"name":"(anonymous_34)","decl":{"start":{"line":60,"column":27},"end":{"line":60,"column":28}},"loc":{"start":{"line":60,"column":70},"end":{"line":62,"column":1}}},"11":{"name":"(anonymous_35)","decl":{"start":{"line":64,"column":25},"end":{"line":64,"column":null}},"loc":{"start":{"line":64,"column":25},"end":{"line":80,"column":1}}},"12":{"name":"(anonymous_36)","decl":{"start":{"line":66,"column":45},"end":{"line":66,"column":51}},"loc":{"start":{"line":66,"column":51},"end":{"line":66,"column":61}}},"13":{"name":"(anonymous_37)","decl":{"start":{"line":68,"column":21},"end":{"line":68,"column":30}},"loc":{"start":{"line":68,"column":30},"end":{"line":72,"column":13}}}},"branchMap":{"0":{"loc":{"start":{"line":34,"column":4},"end":{"line":40,"column":5}},"type":"if","locations":[{"start":{"line":34,"column":4},"end":{"line":40,"column":5}},{"start":{"line":37,"column":11},"end":{"line":40,"column":5}}]},"1":{"loc":{"start":{"line":65,"column":4},"end":{"line":78,"column":5}},"type":"if","locations":[{"start":{"line":65,"column":4},"end":{"line":78,"column":5}}]},"2":{"loc":{"start":{"line":66,"column":26},"end":{"line":66,"column":95}},"type":"cond-expr","locations":[{"start":{"line":66,"column":86},"end":{"line":66,"column":88}},{"start":{"line":66,"column":86},"end":{"line":66,"column":95}}]},"3":{"loc":{"start":{"line":66,"column":26},"end":{"line":66,"column":88}},"type":"binary-expr","locations":[{"start":{"line":66,"column":26},"end":{"line":66,"column":88}},{"start":{"line":66,"column":86},"end":{"line":66,"column":88}}]},"4":{"loc":{"start":{"line":67,"column":8},"end":{"line":77,"column":9}},"type":"if","locations":[{"start":{"line":67,"column":8},"end":{"line":77,"column":9}},{"start":{"line":75,"column":15},"end":{"line":77,"column":9}}]}},"s":{"0":1,"1":1,"2":1,"3":2,"4":1,"5":1,"6":1,"7":1,"8":1,"9":1,"10":1,"11":1,"12":1,"13":1,"14":1,"15":1,"16":1,"17":1,"18":1,"19":1,"20":2,"21":1,"22":0,"23":0,"24":0,"25":0,"26":0,"27":0,"28":0,"29":0,"30":1,"31":1,"32":1,"33":0,"34":0,"35":0,"36":0,"37":0,"38":0,"39":0,"40":2,"41":1,"42":0,"43":0,"44":0,"45":0,"46":0,"47":1,"48":1,"49":1,"50":0,"51":1,"52":0,"53":0,"54":0,"55":0,"56":0,"57":0,"58":0,"59":0,"60":0,"61":0,"62":1,"63":1},"f":{"0":1,"1":2,"2":0,"3":0,"4":0,"5":1,"6":0,"7":2,"8":0,"9":1,"10":0,"11":0,"12":0,"13":0},"b":{"0":[0,0],"1":[0],"2":[0,0],"3":[0,0],"4":[0,0]}}
,"/home/anthonin/Bureau/qcmreactjs/src/pages/App.tsx": {"path":"/home/anthonin/Bureau/qcmreactjs/src/pages/App.tsx","statementMap":{"0":{"start":{"line":1,"column":0},"end":{"line":1,"column":53}},"1":{"start":{"line":2,"column":0},"end":{"line":2,"column":19}},"2":{"start":{"line":3,"column":0},"end":{"line":3,"column":52}},"3":{"start":{"line":4,"column":0},"end":{"line":4,"column":50}},"4":{"start":{"line":5,"column":0},"end":{"line":5,"column":38}},"5":{"start":{"line":9,"column":38},"end":{"line":9,"column":58}},"6":{"start":{"line":9,"column":19},"end":{"line":9,"column":21}},"7":{"start":{"line":9,"column":34},"end":{"line":9,"column":38}},"8":{"start":{"line":10,"column":44},"end":{"line":10,"column":64}},"9":{"start":{"line":10,"column":22},"end":{"line":10,"column":24}},"10":{"start":{"line":10,"column":40},"end":{"line":10,"column":44}},"11":{"start":{"line":11,"column":21},"end":{"line":11,"column":45}},"12":{"start":{"line":13,"column":28},"end":{"line":15,"column":3}},"13":{"start":{"line":14,"column":4},"end":{"line":14,"column":38}},"14":{"start":{"line":17,"column":28},"end":{"line":19,"column":3}},"15":{"start":{"line":18,"column":4},"end":{"line":18,"column":33}},"16":{"start":{"line":22,"column":2},"end":{"line":62,"column":4}},"17":{"start":{"line":66,"column":0},"end":{"line":66,"column":19}}},"fnMap":{"0":{"name":"App","decl":{"start":{"line":8,"column":9},"end":{"line":8,"column":12}},"loc":{"start":{"line":8,"column":12},"end":{"line":63,"column":1}}},"1":{"name":"(anonymous_2)","decl":{"start":{"line":13,"column":28},"end":{"line":13,"column":29}},"loc":{"start":{"line":13,"column":65},"end":{"line":15,"column":3}}},"2":{"name":"(anonymous_3)","decl":{"start":{"line":17,"column":28},"end":{"line":17,"column":null}},"loc":{"start":{"line":17,"column":28},"end":{"line":19,"column":3}}}},"branchMap":{"0":{"loc":{"start":{"line":11,"column":21},"end":{"line":11,"column":45}},"type":"binary-expr","locations":[{"start":{"line":11,"column":21},"end":{"line":11,"column":31}},{"start":{"line":11,"column":35},"end":{"line":11,"column":45}}]},"1":{"loc":{"start":{"line":49,"column":52},"end":{"line":49,"column":76}},"type":"binary-expr","locations":[{"start":{"line":49,"column":52},"end":{"line":49,"column":62}},{"start":{"line":49,"column":66},"end":{"line":49,"column":76}}]}},"s":{"0":1,"1":1,"2":1,"3":1,"4":1,"5":1,"6":1,"7":1,"8":1,"9":1,"10":1,"11":1,"12":1,"13":0,"14":1,"15":0,"16":1,"17":1},"f":{"0":1,"1":0,"2":0},"b":{"0":[1,1],"1":[1,1]}}
,"/home/anthonin/Bureau/qcmreactjs/src/pages/QuestionsReponses.tsx": {"path":"/home/anthonin/Bureau/qcmreactjs/src/pages/QuestionsReponses.tsx","statementMap":{"0":{"start":{"line":1,"column":0},"end":{"line":1,"column":19}},"1":{"start":{"line":3,"column":0},"end":{"line":3,"column":45}},"2":{"start":{"line":4,"column":0},"end":{"line":4,"column":49}},"3":{"start":{"line":5,"column":0},"end":{"line":5,"column":41}},"4":{"start":{"line":9,"column":30},"end":{"line":9,"column":69}},"5":{"start":{"line":11,"column":106},"end":{"line":11,"column":127}},"6":{"start":{"line":11,"column":16},"end":{"line":11,"column":18}},"7":{"start":{"line":11,"column":33},"end":{"line":11,"column":35}},"8":{"start":{"line":11,"column":48},"end":{"line":11,"column":50}},"9":{"start":{"line":11,"column":64},"end":{"line":11,"column":66}},"10":{"start":{"line":11,"column":84},"end":{"line":11,"column":86}},"11":{"start":{"line":11,"column":102},"end":{"line":11,"column":106}},"12":{"start":{"line":14,"column":4},"end":{"line":42,"column":6}},"13":{"start":{"line":25,"column":66},"end":{"line":35,"column":30}},"14":{"start":{"line":45,"column":0},"end":{"line":45,"column":32}}},"fnMap":{"0":{"name":"QuestionReponses","decl":{"start":{"line":8,"column":9},"end":{"line":8,"column":25}},"loc":{"start":{"line":8,"column":25},"end":{"line":43,"column":1}}},"1":{"name":"(anonymous_2)","decl":{"start":{"line":25,"column":47},"end":{"line":25,"column":48}},"loc":{"start":{"line":25,"column":61},"end":{"line":25,"column":null}}}},"branchMap":{"0":{"loc":{"start":{"line":20,"column":17},"end":{"line":37,"column":null}},"type":"binary-expr","locations":[{"start":{"line":20,"column":17},"end":{"line":20,"column":32}},{"start":{"line":21,"column":20},"end":{"line":36,"column":null}}]}},"s":{"0":1,"1":1,"2":1,"3":1,"4":1,"5":1,"6":1,"7":1,"8":1,"9":1,"10":1,"11":1,"12":1,"13":0,"14":1},"f":{"0":1,"1":0},"b":{"0":[1,0]}}
,"/home/anthonin/Bureau/qcmreactjs/src/pages/Score.tsx": {"path":"/home/anthonin/Bureau/qcmreactjs/src/pages/Score.tsx","statementMap":{"0":{"start":{"line":2,"column":0},"end":{"line":2,"column":61}},"1":{"start":{"line":3,"column":0},"end":{"line":3,"column":60}},"2":{"start":{"line":4,"column":0},"end":{"line":4,"column":52}},"3":{"start":{"line":7,"column":21},"end":{"line":7,"column":34}},"4":{"start":{"line":8,"column":26},"end":{"line":8,"column":40}},"5":{"start":{"line":11,"column":4},"end":{"line":13,"column":5}},"6":{"start":{"line":12,"column":8},"end":{"line":12,"column":61}},"7":{"start":{"line":14,"column":27},"end":{"line":14,"column":49}},"8":{"start":{"line":16,"column":25},"end":{"line":16,"column":43}},"9":{"start":{"line":18,"column":27},"end":{"line":18,"column":61}},"10":{"start":{"line":20,"column":4},"end":{"line":37,"column":6}},"11":{"start":{"line":40,"column":0},"end":{"line":40,"column":21}}},"fnMap":{"0":{"name":"Score","decl":{"start":{"line":6,"column":9},"end":{"line":6,"column":14}},"loc":{"start":{"line":6,"column":14},"end":{"line":38,"column":1}}}},"branchMap":{"0":{"loc":{"start":{"line":11,"column":4},"end":{"line":13,"column":5}},"type":"if","locations":[{"start":{"line":11,"column":4},"end":{"line":13,"column":5}}]},"1":{"loc":{"start":{"line":11,"column":8},"end":{"line":11,"column":61}},"type":"binary-expr","locations":[{"start":{"line":11,"column":8},"end":{"line":11,"column":30}},{"start":{"line":11,"column":34},"end":{"line":11,"column":61}}]},"2":{"loc":{"start":{"line":25,"column":17},"end":{"line":25,"column":89}},"type":"binary-expr","locations":[{"start":{"line":25,"column":17},"end":{"line":25,"column":31}},{"start":{"line":25,"column":35},"end":{"line":25,"column":89}}]}},"s":{"0":1,"1":1,"2":1,"3":3,"4":3,"5":3,"6":3,"7":0,"8":0,"9":0,"10":0,"11":1},"f":{"0":3},"b":{"0":[3],"1":[3,0],"2":[0,0]}}
}
