TN:
SF:src/components/ButtonClick.tsx
FN:10,(anonymous_3)
FNF:1
FNH:1
FNDA:5,(anonymous_3)
DA:10,5
DA:12,5
DA:19,3
LF:3
LH:3
BRDA:10,0,0,0
BRDA:10,0,1,5
BRF:2
BRH:1
end_of_record
TN:
SF:src/components/InputClick.tsx
FN:11,(anonymous_3)
FNF:1
FNH:1
FNDA:2,(anonymous_3)
DA:11,2
DA:12,2
DA:22,1
LF:3
LH:3
BRF:0
BRH:0
end_of_record
TN:
SF:src/components/TimerComponent.tsx
FN:11,(anonymous_0)
FN:14,(anonymous_1)
FN:15,(anonymous_2)
FN:16,(anonymous_3)
FN:26,(anonymous_4)
FNF:5
FNH:3
FNDA:1,(anonymous_0)
FNDA:1,(anonymous_1)
FNDA:0,(anonymous_2)
FNDA:0,(anonymous_3)
FNDA:1,(anonymous_4)
DA:3,1
DA:4,1
DA:10,1
DA:11,1
DA:12,1
DA:14,1
DA:15,1
DA:16,0
DA:17,0
DA:18,0
DA:19,0
DA:20,0
DA:22,0
DA:26,1
DA:29,1
DA:31,1
DA:32,1
DA:38,0
DA:47,1
LF:19
LH:12
BRDA:18,0,0,0
BRDA:31,1,0,1
BRDA:31,1,1,0
BRF:3
BRH:1
end_of_record
TN:
SF:src/data/questionsRéponses.tsx
FNF:0
FNH:0
DA:13,1
LF:1
LH:1
BRF:0
BRH:0
end_of_record
TN:
SF:src/hooks/useApi.ts
FN:4,useApi
FN:13,(anonymous_21)
FN:16,(anonymous_24)
FN:20,(anonymous_25)
FN:21,(anonymous_26)
FN:27,(anonymous_27)
FN:31,(anonymous_28)
FN:43,(anonymous_29)
FN:46,(anonymous_32)
FN:56,(anonymous_33)
FN:60,(anonymous_34)
FN:64,(anonymous_35)
FN:66,(anonymous_36)
FN:68,(anonymous_37)
FNF:14
FNH:5
FNDA:1,useApi
FNDA:2,(anonymous_21)
FNDA:0,(anonymous_24)
FNDA:0,(anonymous_25)
FNDA:0,(anonymous_26)
FNDA:1,(anonymous_27)
FNDA:0,(anonymous_28)
FNDA:2,(anonymous_29)
FNDA:0,(anonymous_32)
FNDA:1,(anonymous_33)
FNDA:0,(anonymous_34)
FNDA:0,(anonymous_35)
FNDA:0,(anonymous_36)
FNDA:0,(anonymous_37)
DA:1,1
DA:2,1
DA:3,1
DA:4,2
DA:6,1
DA:7,1
DA:8,1
DA:9,1
DA:10,1
DA:11,1
DA:13,2
DA:15,1
DA:16,0
DA:20,0
DA:21,0
DA:23,0
DA:27,1
DA:28,1
DA:31,1
DA:32,0
DA:33,0
DA:34,0
DA:35,0
DA:36,0
DA:38,0
DA:39,0
DA:43,2
DA:45,1
DA:46,0
DA:50,0
DA:52,0
DA:56,1
DA:57,1
DA:60,1
DA:61,0
DA:64,1
DA:65,0
DA:66,0
DA:67,0
DA:68,0
DA:69,0
DA:70,0
DA:71,0
DA:73,0
DA:76,0
DA:82,1
DA:85,1
LF:47
LH:23
BRDA:34,0,0,0
BRDA:34,0,1,0
BRDA:65,1,0,0
BRDA:66,2,0,0
BRDA:66,2,1,0
BRDA:66,3,0,0
BRDA:66,3,1,0
BRDA:67,4,0,0
BRDA:67,4,1,0
BRF:9
BRH:0
end_of_record
TN:
SF:src/pages/App.tsx
FN:8,App
FN:13,(anonymous_2)
FN:17,(anonymous_3)
FNF:3
FNH:1
FNDA:1,App
FNDA:0,(anonymous_2)
FNDA:0,(anonymous_3)
DA:1,1
DA:2,1
DA:3,1
DA:4,1
DA:5,1
DA:9,1
DA:10,1
DA:11,1
DA:13,1
DA:14,0
DA:17,1
DA:18,0
DA:22,1
DA:66,1
LF:14
LH:12
BRDA:11,0,0,1
BRDA:11,0,1,1
BRDA:49,1,0,1
BRDA:49,1,1,1
BRF:4
BRH:4
end_of_record
TN:
SF:src/pages/QuestionsReponses.tsx
FN:8,QuestionReponses
FN:25,(anonymous_2)
FNF:2
FNH:1
FNDA:1,QuestionReponses
FNDA:0,(anonymous_2)
DA:1,1
DA:3,1
DA:4,1
DA:5,1
DA:9,1
DA:11,1
DA:14,1
DA:25,0
DA:45,1
LF:9
LH:8
BRDA:20,0,0,1
BRDA:20,0,1,0
BRF:2
BRH:1
end_of_record
TN:
SF:src/pages/Score.tsx
FN:6,Score
FNF:1
FNH:1
FNDA:3,Score
DA:2,1
DA:3,1
DA:4,1
DA:7,3
DA:8,3
DA:11,3
DA:12,3
DA:14,0
DA:16,0
DA:18,0
DA:20,0
DA:40,1
LF:12
LH:8
BRDA:11,0,0,3
BRDA:11,1,0,3
BRDA:11,1,1,0
BRDA:25,2,0,0
BRDA:25,2,1,0
BRF:5
BRH:2
end_of_record
